Build started 28/07/2016 4:59:15 PM.
     1>Project "C:\Users\Adminstator\Desktop\WindowsGroup2\Lab03 (open +editText)\Lab03\Lab03.vcxproj" on node 2 (build target(s)).
     1>InitializeBuildStatus:
         Creating "Debug\Lab03.unsuccessfulbuild" because "AlwaysCreate" was specified.
       ClCompile:
         All outputs are up-to-date.
         All outputs are up-to-date.
       ResourceCompile:
         All outputs are up-to-date.
       ManifestResourceCompile:
         All outputs are up-to-date.
       Link:
         All outputs are up-to-date.
       Manifest:
         All outputs are up-to-date.
       FinalizeBuildStatus:
         Deleting file "Debug\Lab03.unsuccessfulbuild".
         Touching "Debug\Lab03.lastbuildstate".
     1>Done Building Project "C:\Users\Adminstator\Desktop\WindowsGroup2\Lab03 (open +editText)\Lab03\Lab03.vcxproj" (build target(s)).

Build succeeded.

Time Elapsed 00:00:00.12
